<?xml version="1.0" encoding="UTF-8"?>
<!-- Generated by org.testng.reporters.JUnitXMLReporter -->
<testsuite hostname="asd1531po01976" name="Default test(failed)" tests="1" failures="1" timestamp="21 Jun 2016 07:33:28 GMT" time="0.081" errors="0">
  <testcase name="verifyHomepageTitle" time="0.069" classname="firsttestpackage.FirstTestNgFile">
    <failure type="java.lang.AssertionError" message="expected [Tap Utility Server] but found [TAP Utility Server]">
      <![CDATA[java.lang.AssertionError: expected [Tap Utility Server] but found [TAP Utility Server]
	at firsttestpackage.FirstTestNgFile.verifyHomepageTitle(FirstTestNgFile.java:31)
... Removed 31 stack frames]]>
    </failure>
  </testcase> <!-- verifyHomepageTitle -->
</testsuite> <!-- Default test(failed) -->
